#
# A fatal error has been detected by the Java Runtime Environment:
#
#  SIGBUS (0x7) at pc=0x00007f8f2a742b1b, pid=9120, tid=140252876896000
#
# JRE version: OpenJDK Runtime Environment (7.0_201) (build 1.7.0_201-b00)
# Java VM: OpenJDK 64-Bit Server VM (24.201-b00 mixed mode linux-amd64 compressed oops)
# Derivative: IcedTea 2.6.17
# Distribution: Ubuntu 14.04 LTS, package 7u211-2.6.17-0ubuntu0.1
# Problematic frame:
# C  [libc.so.6+0x9ab1b]
#
# Failed to write core dump. Core dumps have been disabled. To enable core dumping, try "ulimit -c unlimited" before starting Java again
#
# If you would like to submit a bug report, please include
# instructions on how to reproduce the bug and visit:
#   http://icedtea.classpath.org/bugzilla
# The crash happened outside the Java Virtual Machine in native code.
# See problematic frame for where to report the bug.
#

---------------  T H R E A D  ---------------

Current thread (0x00007f8f2400a000):  JavaThread "main" [_thread_in_native, id=9121, stack(0x00007f8f2ad7f000,0x00007f8f2ae80000)]

siginfo:si_signo=SIGBUS: si_errno=0, si_code=2 (BUS_ADRERR), si_addr=0x00007f8f20011001

Registers:
RAX=0xfffffffffb6ffd19, RBX=0x00007f8f242628d0, RCX=0x00007f8f24911300, RDX=0x00007f8f24914680
RSP=0x00007f8f2ae7e048, RBP=0x00007f8f2ae7e0b0, RSI=0x00007f8f2000c069, RDI=0x00007f8f2490c350
R8 =0xfffffffffb6ffd09, R9 =0xfffffffffb6ffcf9, R10=0xfffffffffb6ffce9, R11=0x00000000ec430f01
R12=0x00000000556c6d74, R13=0x00007f8f2000c00b, R14=0x00007f8f24907130, R15=0x0000000000005ea6
RIP=0x00007f8f2a742b1b, EFLAGS=0x0000000000010202, CSGSFS=0x0000000000000033, ERR=0x0000000000000004
  TRAPNO=0x000000000000000e

Top of Stack: (sp=0x00007f8f2ae7e048)
0x00007f8f2ae7e048:   00007f8f237cb21b 00007f8f2ae7e130
0x00007f8f2ae7e058:   0000000003000554 000000000000836e
0x00007f8f2ae7e068:   0000000075785040 000000000003e804
0x00007f8f2ae7e078:   000000000000836e 00007f8f2ae7e120
0x00007f8f2ae7e088:   00007f8f24263280 00007f8f242628d0
0x00007f8f2ae7e098:   00007f8f2ae7e120 0000000000000000
0x00007f8f2ae7e0a8:   00000000dc3a0d94 00007f8f2ae7e100
0x00007f8f2ae7e0b8:   00007f8f237cbe5d 00007f8f2400ab88
0x00007f8f2ae7e0c8:   00000016b8269470 0000000000000000
0x00007f8f2ae7e0d8:   00007f8f2ae7e120 00007f8f2ae7e578
0x00007f8f2ae7e0e8:   00007f8f2ae7e120 0000000000000016
0x00007f8f2ae7e0f8:   00007f8f2400a1d8 00007f8f2ae7e560
0x00007f8f2ae7e108:   00007f8f237c9aa8 0000000124003810
0x00007f8f2ae7e118:   00007f8f242628d0 464e492d4154454d
0x00007f8f2ae7e128:   6e6961746e6f632f 00006c6d782e7265
0x00007f8f2ae7e138:   00000000000000ff 00007f8f24003810
0x00007f8f2ae7e148:   00007f8f2a7b4e25 00007f8ffbad8001
0x00007f8f2ae7e158:   00007f8f24003810 00007f8f24003810
0x00007f8f2ae7e168:   00007f8f24003810 00007f8f24003810
0x00007f8f2ae7e178:   00007f8f24003852 00007f8f2400390f
0x00007f8f2ae7e188:   00007f8f24003810 00007f8f2400390f
0x00007f8f2ae7e198:   0000000000000000 0000000000000000
0x00007f8f2ae7e1a8:   0000000000000000 0000000000000000
0x00007f8f2ae7e1b8:   0000000000000000 0000000400000004
0x00007f8f2ae7e1c8:   000000000000000e 0000000000000000
0x00007f8f2ae7e1d8:   0000000000000000 00007f8f2ae7e2c0
0x00007f8f2ae7e1e8:   0000000000000001 00007f8f2ae7e1f0
0x00007f8f2ae7e1f8:   00000000b819dbd0 00007f8f2ae7e248
0x00007f8f2ae7e208:   00000000b819fa00 0000000000000000
0x00007f8f2ae7e218:   00000000b819dbf0 0000000000000000
0x00007f8f2ae7e228:   00007f8f2ae7e240 00007f8f2ae7e290
0x00007f8f2ae7e238:   00007f8f207cc170 00000000ec430f00 

Instructions: (pc=0x00007f8f2a742b1b)
0x00007f8f2a742afb:   ff ff ff 49 89 f2 49 29 ca 4d 8d 4a 10 4d 8d 42
0x00007f8f2a742b0b:   20 49 8d 42 30 f3 46 0f 6f 04 11 66 44 0f 7f 01
0x00007f8f2a742b1b:   f3 46 0f 6f 04 09 66 44 0f 7f 41 10 f3 46 0f 6f
0x00007f8f2a742b2b:   04 01 66 44 0f 7f 41 20 f3 44 0f 6f 04 01 66 44 

Register to memory mapping:

RAX=0xfffffffffb6ffd19 is an unknown value
RBX=0x00007f8f242628d0 is an unknown value
RCX=0x00007f8f24911300 is an unknown value
RDX=0x00007f8f24914680 is an unknown value
RSP=0x00007f8f2ae7e048 is pointing into the stack for thread: 0x00007f8f2400a000
RBP=0x00007f8f2ae7e0b0 is pointing into the stack for thread: 0x00007f8f2400a000
RSI=0x00007f8f2000c069 is an unknown value
RDI=0x00007f8f2490c350 is an unknown value
R8 =0xfffffffffb6ffd09 is an unknown value
R9 =0xfffffffffb6ffcf9 is an unknown value
R10=0xfffffffffb6ffce9 is an unknown value
R11=0x00000000ec430f01 is an unknown value
R12=0x00000000556c6d74 is an unknown value
R13=0x00007f8f2000c00b is an unknown value
R14=0x00007f8f24907130 is an unknown value
R15=0x0000000000005ea6 is an unknown value


Stack: [0x00007f8f2ad7f000,0x00007f8f2ae80000],  sp=0x00007f8f2ae7e048,  free space=1020k
Native frames: (J=compiled Java code, j=interpreted, Vv=VM code, C=native code)
C  [libc.so.6+0x9ab1b]
C  [libzip.so+0x5e5d]  ZIP_GetEntry+0xcd
C  [libzip.so+0x3aa8]  Java_java_util_zip_ZipFile_getEntry+0xa8
J 50  java.util.zip.ZipFile.getEntry(J[BZ)J (0 bytes) @ 0x00007f8f20843d2e [0x00007f8f20843c60+0xce]

Java frames: (J=compiled Java code, j=interpreted, Vv=VM code)
J 50  java.util.zip.ZipFile.getEntry(J[BZ)J (0 bytes) @ 0x00007f8f20843cb8 [0x00007f8f20843c60+0x58]
J 458 C2 java.util.zip.ZipFile.getEntry(Ljava/lang/String;)Ljava/util/zip/ZipEntry; (101 bytes) @ 0x00007f8f2095e978 [0x00007f8f2095e8c0+0xb8]
j  com.adobe.epubcheck.ocf.OCFZipPackage.hasEntry(Ljava/lang/String;)Z+5
j  com.adobe.epubcheck.ocf.OCFChecker.runChecks()V+29
j  com.adobe.epubcheck.api.EpubCheck.doValidate()I+162
j  com.adobe.epubcheck.tool.EpubChecker.validateFile(Ljava/lang/String;Lcom/adobe/epubcheck/util/EPUBVersion;Lcom/adobe/epubcheck/api/Report;Lcom/adobe/epubcheck/api/EPUBProfile;)I+256
j  com.adobe.epubcheck.tool.EpubChecker.processFile(Lcom/adobe/epubcheck/api/Report;)I+317
j  com.adobe.epubcheck.tool.EpubChecker.run([Ljava/lang/String;)I+73
j  com.adobe.epubcheck.tool.Checker.main([Ljava/lang/String;)V+10
v  ~StubRoutines::call_stub

---------------  P R O C E S S  ---------------

Java Threads: ( => current thread )
  0x00007f8f2412a800 JavaThread "Service Thread" daemon [_thread_blocked, id=9130, stack(0x00007f8f1a757000,0x00007f8f1a858000)]
  0x00007f8f24128800 JavaThread "C2 CompilerThread1" daemon [_thread_in_native, id=9129, stack(0x00007f8f1a858000,0x00007f8f1a959000)]
  0x00007f8f24125800 JavaThread "C2 CompilerThread0" daemon [_thread_in_native, id=9128, stack(0x00007f8f1a959000,0x00007f8f1aa5a000)]
  0x00007f8f24123800 JavaThread "Signal Dispatcher" daemon [_thread_blocked, id=9127, stack(0x00007f8f1aa5a000,0x00007f8f1ab5b000)]
  0x00007f8f24100800 JavaThread "Finalizer" daemon [_thread_blocked, id=9126, stack(0x00007f8f1b23d000,0x00007f8f1b33e000)]
  0x00007f8f240fe800 JavaThread "Reference Handler" daemon [_thread_blocked, id=9125, stack(0x00007f8f1b33e000,0x00007f8f1b43f000)]
=>0x00007f8f2400a000 JavaThread "main" [_thread_in_native, id=9121, stack(0x00007f8f2ad7f000,0x00007f8f2ae80000)]

Other Threads:
  0x00007f8f240fa000 VMThread [stack: 0x00007f8f1b43f000,0x00007f8f1b540000] [id=9124]
  0x00007f8f24135800 WatcherThread [stack: 0x00007f8f1a656000,0x00007f8f1a757000] [id=9131]

VM state:not at safepoint (normal execution)

VM Mutex/Monitor currently owned by a thread: None

Heap
 PSYoungGen      total 66048K, used 16230K [0x00000000eb700000, 0x00000000f4600000, 0x0000000100000000)
  eden space 63488K, 21% used [0x00000000eb700000,0x00000000ec460180,0x00000000ef500000)
  from space 2560K, 98% used [0x00000000ef500000,0x00000000ef779788,0x00000000ef780000)
  to   space 9728K, 0% used [0x00000000f3c80000,0x00000000f3c80000,0x00000000f4600000)
 ParOldGen       total 41984K, used 12571K [0x00000000c2600000, 0x00000000c4f00000, 0x00000000eb700000)
  object space 41984K, 29% used [0x00000000c2600000,0x00000000c3246e40,0x00000000c4f00000)
 PSPermGen       total 21504K, used 15318K [0x00000000b8000000, 0x00000000b9500000, 0x00000000c2600000)
  object space 21504K, 71% used [0x00000000b8000000,0x00000000b8ef5a40,0x00000000b9500000)

Card table byte_map: [0x00007f8f20585000,0x00007f8f207c6000] byte_map_base: 0x00007f8f1ffc5000

Polling page: 0x00007f8f2ae9f000

Code Cache  [0x00007f8f207c6000, 0x00007f8f20a36000, 0x00007f8f237c6000)
 total_blobs=991 nmethods=723 adapters=220 free_code_cache=46766Kb largest_free_block=47806848

Compilation events (10 events):
Event: 5.775 Thread 0x00007f8f24128800 nmethod 745 0x00007f8f20963990 code [0x00007f8f20963ac0, 0x00007f8f20963b58]
Event: 5.775 Thread 0x00007f8f24128800  746             net.sf.saxon.event.SequenceReceiver::getPipelineConfiguration (5 bytes)
Event: 5.775 Thread 0x00007f8f24128800 nmethod 746 0x00007f8f20963790 code [0x00007f8f209638c0, 0x00007f8f20963918]
Event: 5.775 Thread 0x00007f8f24128800  747             net.sf.saxon.tree.util.AttributeCollectionImpl::getNodeName (30 bytes)
Event: 5.776 Thread 0x00007f8f24128800 nmethod 747 0x00007f8f209f7510 code [0x00007f8f209f7660, 0x00007f8f209f7738]
Event: 5.776 Thread 0x00007f8f24128800  748             net.sf.saxon.expr.parser.ExpressionParser::parseUnaryExpression (203 bytes)
Event: 5.786 Thread 0x00007f8f24128800 nmethod 748 0x00007f8f208ae110 code [0x00007f8f208ae380, 0x00007f8f208aeb90]
Event: 5.786 Thread 0x00007f8f24128800  749             net.sf.saxon.expr.parser.ExpressionParser::parseSimpleMappingExpression (66 bytes)
Event: 5.796 Thread 0x00007f8f24128800 nmethod 749 0x00007f8f209f7210 code [0x00007f8f209f7360, 0x00007f8f209f7408]
Event: 5.796 Thread 0x00007f8f24128800  750   !         net.sf.saxon.expr.parser.TypeChecker::staticTypeCheck (2133 bytes)

GC Heap History (10 events):
Event: 0.506 GC heap before
{Heap before GC invocations=1 (full 0):
 PSYoungGen      total 18432K, used 15872K [0x00000000eb700000, 0x00000000ecb80000, 0x0000000100000000)
  eden space 15872K, 100% used [0x00000000eb700000,0x00000000ec680000,0x00000000ec680000)
  from space 2560K, 0% used [0x00000000ec900000,0x00000000ec900000,0x00000000ecb80000)
  to   space 2560K, 0% used [0x00000000ec680000,0x00000000ec680000,0x00000000ec900000)
 ParOldGen       total 41984K, used 0K [0x00000000c2600000, 0x00000000c4f00000, 0x00000000eb700000)
  object space 41984K, 0% used [0x00000000c2600000,0x00000000c2600000,0x00000000c4f00000)
 PSPermGen       total 21504K, used 7876K [0x00000000b8000000, 0x00000000b9500000, 0x00000000c2600000)
  object space 21504K, 36% used [0x00000000b8000000,0x00000000b87b12a8,0x00000000b9500000)
Event: 0.513 GC heap after
Heap after GC invocations=1 (full 0):
 PSYoungGen      total 18432K, used 2549K [0x00000000eb700000, 0x00000000edb00000, 0x0000000100000000)
  eden space 15872K, 0% used [0x00000000eb700000,0x00000000eb700000,0x00000000ec680000)
  from space 2560K, 99% used [0x00000000ec680000,0x00000000ec8fd438,0x00000000ec900000)
  to   space 2560K, 0% used [0x00000000ed880000,0x00000000ed880000,0x00000000edb00000)
 ParOldGen       total 41984K, used 471K [0x00000000c2600000, 0x00000000c4f00000, 0x00000000eb700000)
  object space 41984K, 1% used [0x00000000c2600000,0x00000000c2675fb8,0x00000000c4f00000)
 PSPermGen       total 21504K, used 7876K [0x00000000b8000000, 0x00000000b9500000, 0x00000000c2600000)
  object space 21504K, 36% used [0x00000000b8000000,0x00000000b87b12a8,0x00000000b9500000)
}
Event: 1.097 GC heap before
{Heap before GC invocations=2 (full 0):
 PSYoungGen      total 18432K, used 18421K [0x00000000eb700000, 0x00000000edb00000, 0x0000000100000000)
  eden space 15872K, 100% used [0x00000000eb700000,0x00000000ec680000,0x00000000ec680000)
  from space 2560K, 99% used [0x00000000ec680000,0x00000000ec8fd438,0x00000000ec900000)
  to   space 2560K, 0% used [0x00000000ed880000,0x00000000ed880000,0x00000000edb00000)
 ParOldGen       total 41984K, used 471K [0x00000000c2600000, 0x00000000c4f00000, 0x00000000eb700000)
  object space 41984K, 1% used [0x00000000c2600000,0x00000000c2675fb8,0x00000000c4f00000)
 PSPermGen       total 21504K, used 13205K [0x00000000b8000000, 0x00000000b9500000, 0x00000000c2600000)
  object space 21504K, 61% used [0x00000000b8000000,0x00000000b8ce55e0,0x00000000b9500000)
Event: 1.105 GC heap after
Heap after GC invocations=2 (full 0):
 PSYoungGen      total 34304K, used 2449K [0x00000000eb700000, 0x00000000edb00000, 0x0000000100000000)
  eden space 31744K, 0% used [0x00000000eb700000,0x00000000eb700000,0x00000000ed600000)
  from space 2560K, 95% used [0x00000000ed880000,0x00000000edae44f8,0x00000000edb00000)
  to   space 2560K, 0% used [0x00000000ed600000,0x00000000ed600000,0x00000000ed880000)
 ParOldGen       total 41984K, used 471K [0x00000000c2600000, 0x00000000c4f00000, 0x00000000eb700000)
  object space 41984K, 1% used [0x00000000c2600000,0x00000000c2675fb8,0x00000000c4f00000)
 PSPermGen       total 21504K, used 13205K [0x00000000b8000000, 0x00000000b9500000, 0x00000000c2600000)
  object space 21504K, 61% used [0x00000000b8000000,0x00000000b8ce55e0,0x00000000b9500000)
}
Event: 2.746 GC heap before
{Heap before GC invocations=3 (full 0):
 PSYoungGen      total 34304K, used 34193K [0x00000000eb700000, 0x00000000edb00000, 0x0000000100000000)
  eden space 31744K, 100% used [0x00000000eb700000,0x00000000ed600000,0x00000000ed600000)
  from space 2560K, 95% used [0x00000000ed880000,0x00000000edae44f8,0x00000000edb00000)
  to   space 2560K, 0% used [0x00000000ed600000,0x00000000ed600000,0x00000000ed880000)
 ParOldGen       total 41984K, used 471K [0x00000000c2600000, 0x00000000c4f00000, 0x00000000eb700000)
  object space 41984K, 1% used [0x00000000c2600000,0x00000000c2675fb8,0x00000000c4f00000)
 PSPermGen       total 21504K, used 14206K [0x00000000b8000000, 0x00000000b9500000, 0x00000000c2600000)
  object space 21504K, 66% used [0x00000000b8000000,0x00000000b8ddf8c8,0x00000000b9500000)
Event: 2.763 GC heap after
Heap after GC invocations=3 (full 0):
 PSYoungGen      total 34304K, used 2535K [0x00000000eb700000, 0x00000000efa00000, 0x0000000100000000)
  eden space 31744K, 0% used [0x00000000eb700000,0x00000000eb700000,0x00000000ed600000)
  from space 2560K, 99% used [0x00000000ed600000,0x00000000ed879c30,0x00000000ed880000)
  to   space 2560K, 0% used [0x00000000ef780000,0x00000000ef780000,0x00000000efa00000)
 ParOldGen       total 41984K, used 3089K [0x00000000c2600000, 0x00000000c4f00000, 0x00000000eb700000)
  object space 41984K, 7% used [0x00000000c2600000,0x00000000c2904658,0x00000000c4f00000)
 PSPermGen       total 21504K, used 14206K [0x00000000b8000000, 0x00000000b9500000, 0x00000000c2600000)
  object space 21504K, 66% used [0x00000000b8000000,0x00000000b8ddf8c8,0x00000000b9500000)
}
Event: 3.856 GC heap before
{Heap before GC invocations=4 (full 0):
 PSYoungGen      total 34304K, used 34279K [0x00000000eb700000, 0x00000000efa00000, 0x0000000100000000)
  eden space 31744K, 100% used [0x00000000eb700000,0x00000000ed600000,0x00000000ed600000)
  from space 2560K, 99% used [0x00000000ed600000,0x00000000ed879c30,0x00000000ed880000)
  to   space 2560K, 0% used [0x00000000ef780000,0x00000000ef780000,0x00000000efa00000)
 ParOldGen       total 41984K, used 3089K [0x00000000c2600000, 0x00000000c4f00000, 0x00000000eb700000)
  object space 41984K, 7% used [0x00000000c2600000,0x00000000c2904658,0x00000000c4f00000)
 PSPermGen       total 21504K, used 14476K [0x00000000b8000000, 0x00000000b9500000, 0x00000000c2600000)
  object space 21504K, 67% used [0x00000000b8000000,0x00000000b8e23330,0x00000000b9500000)
Event: 3.882 GC heap after
Heap after GC invocations=4 (full 0):
 PSYoungGen      total 66048K, used 2544K [0x00000000eb700000, 0x00000000efa00000, 0x0000000100000000)
  eden space 63488K, 0% used [0x00000000eb700000,0x00000000eb700000,0x00000000ef500000)
  from space 2560K, 99% used [0x00000000ef780000,0x00000000ef9fc030,0x00000000efa00000)
  to   space 2560K, 0% used [0x00000000ef500000,0x00000000ef500000,0x00000000ef780000)
 ParOldGen       total 41984K, used 5319K [0x00000000c2600000, 0x00000000c4f00000, 0x00000000eb700000)
  object space 41984K, 12% used [0x00000000c2600000,0x00000000c2b31e00,0x00000000c4f00000)
 PSPermGen       total 21504K, used 14476K [0x00000000b8000000, 0x00000000b9500000, 0x00000000c2600000)
  object space 21504K, 67% used [0x00000000b8000000,0x00000000b8e23330,0x00000000b9500000)
}
Event: 5.344 GC heap before
{Heap before GC invocations=5 (full 0):
 PSYoungGen      total 66048K, used 66032K [0x00000000eb700000, 0x00000000efa00000, 0x0000000100000000)
  eden space 63488K, 100% used [0x00000000eb700000,0x00000000ef500000,0x00000000ef500000)
  from space 2560K, 99% used [0x00000000ef780000,0x00000000ef9fc030,0x00000000efa00000)
  to   space 2560K, 0% used [0x00000000ef500000,0x00000000ef500000,0x00000000ef780000)
 ParOldGen       total 41984K, used 5319K [0x00000000c2600000, 0x00000000c4f00000, 0x00000000eb700000)
  object space 41984K, 12% used [0x00000000c2600000,0x00000000c2b31e00,0x00000000c4f00000)
 PSPermGen       total 21504K, used 14893K [0x00000000b8000000, 0x00000000b9500000, 0x00000000c2600000)
  object space 21504K, 69% used [0x00000000b8000000,0x00000000b8e8b778,0x00000000b9500000)
Event: 5.397 GC heap after
Heap after GC invocations=5 (full 0):
 PSYoungGen      total 66048K, used 2533K [0x00000000eb700000, 0x00000000f4600000, 0x0000000100000000)
  eden space 63488K, 0% used [0x00000000eb700000,0x00000000eb700000,0x00000000ef500000)
  from space 2560K, 98% used [0x00000000ef500000,0x00000000ef779788,0x00000000ef780000)
  to   space 9728K, 0% used [0x00000000f3c80000,0x00000000f3c80000,0x00000000f4600000)
 ParOldGen       total 41984K, used 12571K [0x00000000c2600000, 0x00000000c4f00000, 0x00000000eb700000)
  object space 41984K, 29% used [0x00000000c2600000,0x00000000c3246e40,0x00000000c4f00000)
 PSPermGen       total 21504K, used 14893K [0x00000000b8000000, 0x00000000b9500000, 0x00000000c2600000)
  object space 21504K, 69% used [0x00000000b8000000,0x00000000b8e8b778,0x00000000b9500000)
}

Deoptimization events (10 events):
Event: 5.021 Thread 0x00007f8f2400a000 Uncommon trap: reason=unstable_if action=reinterpret pc=0x00007f8f20971ec8 method=net.sf.saxon.type.TypeHierarchy$ItemTypePair.equals(Ljava/lang/Object;)Z @ 37
Event: 5.021 Thread 0x00007f8f2400a000 Uncommon trap: reason=unstable_if action=reinterpret pc=0x00007f8f208a8664 method=net.sf.saxon.type.TypeHierarchy$ItemTypePair.equals(Ljava/lang/Object;)Z @ 37
Event: 5.021 Thread 0x00007f8f2400a000 Uncommon trap: reason=unstable_if action=reinterpret pc=0x00007f8f2096f380 method=net.sf.saxon.type.TypeHierarchy$ItemTypePair.equals(Ljava/lang/Object;)Z @ 37
Event: 5.026 Thread 0x00007f8f2400a000 Uncommon trap: reason=unstable_if action=reinterpret pc=0x00007f8f20867054 method=net.sf.saxon.z.IntHashMap.indexOf(I)I @ 22
Event: 5.452 Thread 0x00007f8f2400a000 Uncommon trap: reason=class_check action=maybe_recompile pc=0x00007f8f209efab0 method=net.sf.saxon.expr.AxisExpression.typeCheck(Lnet/sf/saxon/expr/parser/ExpressionVisitor;Lnet/sf/saxon/expr/parser/ExpressionVisitor$ContextItemType;)Lnet/sf/saxon/expr/Ex
Event: 5.454 Thread 0x00007f8f2400a000 Uncommon trap: reason=class_check action=maybe_recompile pc=0x00007f8f209efab0 method=net.sf.saxon.expr.AxisExpression.typeCheck(Lnet/sf/saxon/expr/parser/ExpressionVisitor;Lnet/sf/saxon/expr/parser/ExpressionVisitor$ContextItemType;)Lnet/sf/saxon/expr/Ex
Event: 5.454 Thread 0x00007f8f2400a000 Uncommon trap: reason=class_check action=maybe_recompile pc=0x00007f8f209efab0 method=net.sf.saxon.expr.AxisExpression.typeCheck(Lnet/sf/saxon/expr/parser/ExpressionVisitor;Lnet/sf/saxon/expr/parser/ExpressionVisitor$ContextItemType;)Lnet/sf/saxon/expr/Ex
Event: 5.455 Thread 0x00007f8f2400a000 Uncommon trap: reason=class_check action=maybe_recompile pc=0x00007f8f209efab0 method=net.sf.saxon.expr.AxisExpression.typeCheck(Lnet/sf/saxon/expr/parser/ExpressionVisitor;Lnet/sf/saxon/expr/parser/ExpressionVisitor$ContextItemType;)Lnet/sf/saxon/expr/Ex
Event: 5.773 Thread 0x00007f8f2400a000 Uncommon trap: reason=unstable_if action=reinterpret pc=0x00007f8f209fdb50 method=net.sf.saxon.expr.parser.ExpressionParser.parseBasicStep(Z)Lnet/sf/saxon/expr/Expression; @ 593
Event: 5.828 Thread 0x00007f8f2400a000 Uncommon trap: reason=unstable_if action=reinterpret pc=0x00007f8f2084345c method=java.util.zip.ZipCoder.encoder()Ljava/nio/charset/CharsetEncoder; @ 4

Internal exceptions (10 events):
Event: 5.825 Thread 0x00007f8f2400a000 Threw 0x00000000ec409ac8 at /build/openjdk-7-JHDhHd/openjdk-7-7u211-2.6.17/build/openjdk/hotspot/src/share/vm/prims/jvm.cpp:1433
Event: 5.825 Thread 0x00007f8f2400a000 Threw 0x00000000ec40d160 at /build/openjdk-7-JHDhHd/openjdk-7-7u211-2.6.17/build/openjdk/hotspot/src/share/vm/prims/jvm.cpp:1433
Event: 5.825 Thread 0x00007f8f2400a000 Threw 0x00000000ec410e20 at /build/openjdk-7-JHDhHd/openjdk-7-7u211-2.6.17/build/openjdk/hotspot/src/share/vm/prims/jvm.cpp:1433
Event: 5.825 Thread 0x00007f8f2400a000 Threw 0x00000000ec414840 at /build/openjdk-7-JHDhHd/openjdk-7-7u211-2.6.17/build/openjdk/hotspot/src/share/vm/prims/jvm.cpp:1433
Event: 5.826 Thread 0x00007f8f2400a000 Threw 0x00000000ec418198 at /build/openjdk-7-JHDhHd/openjdk-7-7u211-2.6.17/build/openjdk/hotspot/src/share/vm/prims/jvm.cpp:1433
Event: 5.826 Thread 0x00007f8f2400a000 Threw 0x00000000ec41ddb0 at /build/openjdk-7-JHDhHd/openjdk-7-7u211-2.6.17/build/openjdk/hotspot/src/share/vm/prims/jvm.cpp:1433
Event: 5.826 Thread 0x00007f8f2400a000 Threw 0x00000000ec421fb0 at /build/openjdk-7-JHDhHd/openjdk-7-7u211-2.6.17/build/openjdk/hotspot/src/share/vm/prims/jvm.cpp:1433
Event: 5.827 Thread 0x00007f8f2400a000 Threw 0x00000000ec426260 at /build/openjdk-7-JHDhHd/openjdk-7-7u211-2.6.17/build/openjdk/hotspot/src/share/vm/prims/jvm.cpp:1433
Event: 5.827 Thread 0x00007f8f2400a000 Threw 0x00000000ec42a9e8 at /build/openjdk-7-JHDhHd/openjdk-7-7u211-2.6.17/build/openjdk/hotspot/src/share/vm/prims/jvm.cpp:1433
Event: 5.828 Thread 0x00007f8f2400a000 Implicit null exception at 0x00007f8f20842fc9 to 0x00007f8f20843445

Events (10 events):
Event: 5.826 loading class 0x00007f8f249020d0 done
Event: 5.826 loading class 0x00007f8f2425f190
Event: 5.826 loading class 0x00007f8f2425f190 done
Event: 5.827 loading class 0x00007f8f24273040
Event: 5.827 loading class 0x00007f8f24273040 done
Event: 5.827 loading class 0x00007f8f2425f0e0
Event: 5.827 loading class 0x00007f8f2425f0e0 done
Event: 5.828 Thread 0x00007f8f2400a000 Uncommon trap: trap_request=0xffffff75 fr.pc=0x00007f8f2084345c
Event: 5.828 Thread 0x00007f8f2400a000 DEOPT PACKING pc=0x00007f8f2084345c sp=0x00007f8f2ae7e560
Event: 5.828 Thread 0x00007f8f2400a000 DEOPT UNPACKING pc=0x00007f8f207ff045 sp=0x00007f8f2ae7e4b8 mode 2


Dynamic libraries:
00400000-00401000 r-xp 00000000 08:01 416702                             /usr/lib/jvm/java-7-openjdk-amd64/jre/bin/java
00600000-00601000 r--p 00000000 08:01 416702                             /usr/lib/jvm/java-7-openjdk-amd64/jre/bin/java
00601000-00602000 rw-p 00001000 08:01 416702                             /usr/lib/jvm/java-7-openjdk-amd64/jre/bin/java
014c8000-014e9000 rw-p 00000000 00:00 0                                  [heap]
b8000000-b9500000 rw-p 00000000 00:00 0 
b9500000-c2600000 rw-p 00000000 00:00 0 
c2600000-c4f00000 rw-p 00000000 00:00 0 
c4f00000-eb700000 rw-p 00000000 00:00 0 
eb700000-f4600000 rw-p 00000000 00:00 0 
f4600000-100000000 rw-p 00000000 00:00 0 
7f8eec000000-7f8eec021000 rw-p 00000000 00:00 0 
7f8eec021000-7f8ef0000000 ---p 00000000 00:00 0 
7f8ef4000000-7f8ef4f5e000 rw-p 00000000 00:00 0 
7f8ef4f5e000-7f8ef8000000 ---p 00000000 00:00 0 
7f8ef8000000-7f8ef8021000 rw-p 00000000 00:00 0 
7f8ef8021000-7f8efc000000 ---p 00000000 00:00 0 
7f8efc000000-7f8efc021000 rw-p 00000000 00:00 0 
7f8efc021000-7f8f00000000 ---p 00000000 00:00 0 
7f8f00000000-7f8f00c7f000 rw-p 00000000 00:00 0 
7f8f00c7f000-7f8f04000000 ---p 00000000 00:00 0 
7f8f04000000-7f8f04021000 rw-p 00000000 00:00 0 
7f8f04021000-7f8f08000000 ---p 00000000 00:00 0 
7f8f08000000-7f8f08021000 rw-p 00000000 00:00 0 
7f8f08021000-7f8f0c000000 ---p 00000000 00:00 0 
7f8f0c000000-7f8f0c021000 rw-p 00000000 00:00 0 
7f8f0c021000-7f8f10000000 ---p 00000000 00:00 0 
7f8f11c00000-7f8f14000000 rw-p 00000000 00:00 0 
7f8f14000000-7f8f14021000 rw-p 00000000 00:00 0 
7f8f14021000-7f8f18000000 ---p 00000000 00:00 0 
7f8f18e68000-7f8f18ea5000 r-xp 00000000 08:01 135158                     /lib/x86_64-linux-gnu/libpcre.so.3.13.1
7f8f18ea5000-7f8f190a4000 ---p 0003d000 08:01 135158                     /lib/x86_64-linux-gnu/libpcre.so.3.13.1
7f8f190a4000-7f8f190a5000 r--p 0003c000 08:01 135158                     /lib/x86_64-linux-gnu/libpcre.so.3.13.1
7f8f190a5000-7f8f190a6000 rw-p 0003d000 08:01 135158                     /lib/x86_64-linux-gnu/libpcre.so.3.13.1
7f8f190a6000-7f8f190ad000 r-xp 00000000 08:01 2228463                    /usr/lib/x86_64-linux-gnu/libffi.so.6.0.1
7f8f190ad000-7f8f192ac000 ---p 00007000 08:01 2228463                    /usr/lib/x86_64-linux-gnu/libffi.so.6.0.1
7f8f192ac000-7f8f192ad000 r--p 00006000 08:01 2228463                    /usr/lib/x86_64-linux-gnu/libffi.so.6.0.1
7f8f192ad000-7f8f192ae000 rw-p 00007000 08:01 2228463                    /usr/lib/x86_64-linux-gnu/libffi.so.6.0.1
7f8f192ae000-7f8f192c5000 r-xp 00000000 08:01 174641                     /lib/x86_64-linux-gnu/libresolv-2.19.so
7f8f192c5000-7f8f194c5000 ---p 00017000 08:01 174641                     /lib/x86_64-linux-gnu/libresolv-2.19.so
7f8f194c5000-7f8f194c6000 r--p 00017000 08:01 174641                     /lib/x86_64-linux-gnu/libresolv-2.19.so
7f8f194c6000-7f8f194c7000 rw-p 00018000 08:01 174641                     /lib/x86_64-linux-gnu/libresolv-2.19.so
7f8f194c7000-7f8f194c9000 rw-p 00000000 00:00 0 
7f8f194c9000-7f8f194e9000 r-xp 00000000 08:01 135160                     /lib/x86_64-linux-gnu/libselinux.so.1
7f8f194e9000-7f8f196e8000 ---p 00020000 08:01 135160                     /lib/x86_64-linux-gnu/libselinux.so.1
7f8f196e8000-7f8f196e9000 r--p 0001f000 08:01 135160                     /lib/x86_64-linux-gnu/libselinux.so.1
7f8f196e9000-7f8f196ea000 rw-p 00020000 08:01 135160                     /lib/x86_64-linux-gnu/libselinux.so.1
7f8f196ea000-7f8f196ec000 rw-p 00000000 00:00 0 
7f8f196ec000-7f8f196ef000 r-xp 00000000 08:01 2248674                    /usr/lib/x86_64-linux-gnu/libgmodule-2.0.so.0.4002.0
7f8f196ef000-7f8f198ee000 ---p 00003000 08:01 2248674                    /usr/lib/x86_64-linux-gnu/libgmodule-2.0.so.0.4002.0
7f8f198ee000-7f8f198ef000 r--p 00002000 08:01 2248674                    /usr/lib/x86_64-linux-gnu/libgmodule-2.0.so.0.4002.0
7f8f198ef000-7f8f198f0000 rw-p 00003000 08:01 2248674                    /usr/lib/x86_64-linux-gnu/libgmodule-2.0.so.0.4002.0
7f8f198f0000-7f8f199f6000 r-xp 00000000 08:01 133083                     /lib/x86_64-linux-gnu/libglib-2.0.so.0.4002.0
7f8f199f6000-7f8f19bf5000 ---p 00106000 08:01 133083                     /lib/x86_64-linux-gnu/libglib-2.0.so.0.4002.0
7f8f19bf5000-7f8f19bf6000 r--p 00105000 08:01 133083                     /lib/x86_64-linux-gnu/libglib-2.0.so.0.4002.0
7f8f19bf6000-7f8f19bf7000 rw-p 00106000 08:01 133083                     /lib/x86_64-linux-gnu/libglib-2.0.so.0.4002.0
7f8f19bf7000-7f8f19bf8000 rw-p 00000000 00:00 0 
7f8f19bf8000-7f8f19c47000 r-xp 00000000 08:01 2248675                    /usr/lib/x86_64-linux-gnu/libgobject-2.0.so.0.4002.0
7f8f19c47000-7f8f19e47000 ---p 0004f000 08:01 2248675                    /usr/lib/x86_64-linux-gnu/libgobject-2.0.so.0.4002.0
7f8f19e47000-7f8f19e48000 r--p 0004f000 08:01 2248675                    /usr/lib/x86_64-linux-gnu/libgobject-2.0.so.0.4002.0
7f8f19e48000-7f8f19e49000 rw-p 00050000 08:01 2248675                    /usr/lib/x86_64-linux-gnu/libgobject-2.0.so.0.4002.0
7f8f19e49000-7f8f19fb5000 r-xp 00000000 08:01 2237936                    /usr/lib/x86_64-linux-gnu/libgio-2.0.so.0.4002.0
7f8f19fb5000-7f8f1a1b5000 ---p 0016c000 08:01 2237936                    /usr/lib/x86_64-linux-gnu/libgio-2.0.so.0.4002.0
7f8f1a1b5000-7f8f1a1b9000 r--p 0016c000 08:01 2237936                    /usr/lib/x86_64-linux-gnu/libgio-2.0.so.0.4002.0
7f8f1a1b9000-7f8f1a1bb000 rw-p 00170000 08:01 2237936                    /usr/lib/x86_64-linux-gnu/libgio-2.0.so.0.4002.0
7f8f1a1bb000-7f8f1a1bd000 rw-p 00000000 00:00 0 
7f8f1a1d9000-7f8f1a1f1000 r-xp 00000000 08:01 416755                     /usr/lib/jvm/java-7-openjdk-amd64/jre/lib/amd64/libnet.so
7f8f1a1f1000-7f8f1a3f0000 ---p 00018000 08:01 416755                     /usr/lib/jvm/java-7-openjdk-amd64/jre/lib/amd64/libnet.so
7f8f1a3f0000-7f8f1a3f1000 r--p 00017000 08:01 416755                     /usr/lib/jvm/java-7-openjdk-amd64/jre/lib/amd64/libnet.so
7f8f1a3f1000-7f8f1a3f2000 rw-p 00018000 08:01 416755                     /usr/lib/jvm/java-7-openjdk-amd64/jre/lib/amd64/libnet.so
7f8f1a3f2000-7f8f1a402000 r-xp 00000000 08:01 416758                     /usr/lib/jvm/java-7-openjdk-amd64/jre/lib/amd64/libnio.so
7f8f1a402000-7f8f1a602000 ---p 00010000 08:01 416758                     /usr/lib/jvm/java-7-openjdk-amd64/jre/lib/amd64/libnio.so
7f8f1a602000-7f8f1a603000 r--p 00010000 08:01 416758                     /usr/lib/jvm/java-7-openjdk-amd64/jre/lib/amd64/libnio.so
7f8f1a603000-7f8f1a604000 rw-p 00011000 08:01 416758                     /usr/lib/jvm/java-7-openjdk-amd64/jre/lib/amd64/libnio.so
7f8f1a604000-7f8f1a62d000 r--s 001ee000 08:06 3020791                    /home/sriranga/Desktop/e-books/prism-ebooks/scripts/epubcheck-4.0.2/lib/guava-14.0.1.jar
7f8f1a62d000-7f8f1a656000 r--s 0097f000 08:06 3020786                    /home/sriranga/Desktop/e-books/prism-ebooks/scripts/epubcheck-4.0.2/lib/Saxon-HE-9.5.1-5.jar
7f8f1a656000-7f8f1a657000 ---p 00000000 00:00 0 
7f8f1a657000-7f8f1a757000 rw-p 00000000 00:00 0                          [stack:9131]
7f8f1a757000-7f8f1a75a000 ---p 00000000 00:00 0 
7f8f1a75a000-7f8f1a858000 rw-p 00000000 00:00 0                          [stack:9130]
7f8f1a858000-7f8f1a85b000 ---p 00000000 00:00 0 
7f8f1a85b000-7f8f1a959000 rw-p 00000000 00:00 0                          [stack:9129]
7f8f1a959000-7f8f1a95c000 ---p 00000000 00:00 0 
7f8f1a95c000-7f8f1aa5a000 rw-p 00000000 00:00 0                          [stack:9128]
7f8f1aa5a000-7f8f1aa5d000 ---p 00000000 00:00 0 
7f8f1aa5d000-7f8f1ab5b000 rw-p 00000000 00:00 0                          [stack:9127]
7f8f1ab5b000-7f8f1b23d000 r--p 00000000 08:01 2236394                    /usr/lib/locale/locale-archive
7f8f1b23d000-7f8f1b240000 ---p 00000000 00:00 0 
7f8f1b240000-7f8f1b33e000 rw-p 00000000 00:00 0                          [stack:9126]
7f8f1b33e000-7f8f1b341000 ---p 00000000 00:00 0 
7f8f1b341000-7f8f1b43f000 rw-p 00000000 00:00 0                          [stack:9125]
7f8f1b43f000-7f8f1b440000 ---p 00000000 00:00 0 
7f8f1b440000-7f8f1be49000 rw-p 00000000 00:00 0                          [stack:9124]
7f8f1be49000-7f8f1c000000 r--s 01d7e000 08:01 416709                     /usr/lib/jvm/java-7-openjdk-amd64/jre/lib/rt.jar
7f8f1c000000-7f8f1c021000 rw-p 00000000 00:00 0 
7f8f1c021000-7f8f20000000 ---p 00000000 00:00 0 
7f8f20001000-7f8f2000b000 r--s 000b0000 08:01 416713                     /usr/lib/jvm/java-7-openjdk-amd64/jre/lib/resources.jar
7f8f2000b000-7f8f20012000 r--s 01e1f000 08:06 3416918                    /home/sriranga/Desktop/e-books/prism-ebooks/epub/9789386506894.epub
7f8f20012000-7f8f20021000 r--s 000b0000 08:06 3020796                    /home/sriranga/Desktop/e-books/prism-ebooks/scripts/epubcheck-4.0.2/lib/jackson-mapper-asl-1.9.12.jar
7f8f20021000-7f8f20025000 r--s 00035000 08:06 3020795                    /home/sriranga/Desktop/e-books/prism-ebooks/scripts/epubcheck-4.0.2/lib/jackson-core-asl-1.9.12.jar
7f8f20025000-7f8f20028000 r--s 00012000 08:06 3020787                    /home/sriranga/Desktop/e-books/prism-ebooks/scripts/epubcheck-4.0.2/lib/common-image-3.1.2.jar
7f8f20028000-7f8f20383000 rw-p 00000000 00:00 0 
7f8f20383000-7f8f20384000 ---p 00000000 00:00 0 
7f8f20384000-7f8f20484000 rw-p 00000000 00:00 0                          [stack:9123]
7f8f20484000-7f8f20485000 ---p 00000000 00:00 0 
7f8f20485000-7f8f20590000 rw-p 00000000 00:00 0                          [stack:9122]
7f8f20590000-7f8f205d8000 rw-p 00000000 00:00 0 
7f8f205d8000-7f8f205ed000 rw-p 00000000 00:00 0 
7f8f205ed000-7f8f20720000 rw-p 00000000 00:00 0 
7f8f20720000-7f8f20768000 rw-p 00000000 00:00 0 
7f8f20768000-7f8f207c5000 rw-p 00000000 00:00 0 
7f8f207c5000-7f8f207c6000 rw-p 00000000 00:00 0 
7f8f207c6000-7f8f20a36000 rwxp 00000000 00:00 0 
7f8f20a36000-7f8f237c6000 rw-p 00000000 00:00 0 
7f8f237c6000-7f8f237ce000 r-xp 00000000 08:01 416757                     /usr/lib/jvm/java-7-openjdk-amd64/jre/lib/amd64/libzip.so
7f8f237ce000-7f8f239cd000 ---p 00008000 08:01 416757                     /usr/lib/jvm/java-7-openjdk-amd64/jre/lib/amd64/libzip.so
7f8f239cd000-7f8f239ce000 r--p 00007000 08:01 416757                     /usr/lib/jvm/java-7-openjdk-amd64/jre/lib/amd64/libzip.so
7f8f239ce000-7f8f239cf000 rw-p 00008000 08:01 416757                     /usr/lib/jvm/java-7-openjdk-amd64/jre/lib/amd64/libzip.so
7f8f239cf000-7f8f239d9000 r-xp 00000000 08:01 175106                     /lib/x86_64-linux-gnu/libnss_files-2.19.so
7f8f239d9000-7f8f23bd8000 ---p 0000a000 08:01 175106                     /lib/x86_64-linux-gnu/libnss_files-2.19.so
7f8f23bd8000-7f8f23bd9000 r--p 00009000 08:01 175106                     /lib/x86_64-linux-gnu/libnss_files-2.19.so
7f8f23bd9000-7f8f23bda000 rw-p 0000a000 08:01 175106                     /lib/x86_64-linux-gnu/libnss_files-2.19.so
7f8f23bda000-7f8f23be5000 r-xp 00000000 08:01 141821                     /lib/x86_64-linux-gnu/libnss_nis-2.19.so
7f8f23be5000-7f8f23de4000 ---p 0000b000 08:01 141821                     /lib/x86_64-linux-gnu/libnss_nis-2.19.so
7f8f23de4000-7f8f23de5000 r--p 0000a000 08:01 141821                     /lib/x86_64-linux-gnu/libnss_nis-2.19.so
7f8f23de5000-7f8f23de6000 rw-p 0000b000 08:01 141821                     /lib/x86_64-linux-gnu/libnss_nis-2.19.so
7f8f23de6000-7f8f23dfd000 r-xp 00000000 08:01 175110                     /lib/x86_64-linux-gnu/libnsl-2.19.so
7f8f23dfd000-7f8f23ffc000 ---p 00017000 08:01 175110                     /lib/x86_64-linux-gnu/libnsl-2.19.so
7f8f23ffc000-7f8f23ffd000 r--p 00016000 08:01 175110                     /lib/x86_64-linux-gnu/libnsl-2.19.so
7f8f23ffd000-7f8f23ffe000 rw-p 00017000 08:01 175110                     /lib/x86_64-linux-gnu/libnsl-2.19.so
7f8f23ffe000-7f8f24000000 rw-p 00000000 00:00 0 
7f8f24000000-7f8f24928000 rw-p 00000000 00:00 0 
7f8f24928000-7f8f28000000 ---p 00000000 00:00 0 
7f8f28001000-7f8f28002000 rw-p 00000000 00:00 0 
7f8f28002000-7f8f28005000 r--s 0001a000 08:06 3020789                    /home/sriranga/Desktop/e-books/prism-ebooks/scripts/epubcheck-4.0.2/lib/common-lang-3.1.2.jar
7f8f28005000-7f8f28008000 r--s 0000e000 08:06 3020794                    /home/sriranga/Desktop/e-books/prism-ebooks/scripts/epubcheck-4.0.2/lib/imageio-metadata-3.1.2.jar
7f8f28008000-7f8f2800b000 r--s 0000c000 08:06 3020792                    /home/sriranga/Desktop/e-books/prism-ebooks/scripts/epubcheck-4.0.2/lib/imageio-core-3.1.2.jar
7f8f2800b000-7f8f2801e000 r--s 000a1000 08:06 3020797                    /home/sriranga/Desktop/e-books/prism-ebooks/scripts/epubcheck-4.0.2/lib/jing-20120724.0.0.jar
7f8f2801e000-7f8f28023000 r--s 0003a000 08:06 3020790                    /home/sriranga/Desktop/e-books/prism-ebooks/scripts/epubcheck-4.0.2/lib/commons-compress-1.5.jar
7f8f28023000-7f8f28035000 r--s 000f3000 08:06 3020784                    /home/sriranga/Desktop/e-books/prism-ebooks/scripts/epubcheck-4.0.2/epubcheck.jar
7f8f28035000-7f8f28040000 rw-p 00000000 00:00 0 
7f8f28040000-7f8f28088000 rw-p 00000000 00:00 0 
7f8f28088000-7f8f2809d000 rw-p 00000000 00:00 0 
7f8f2809d000-7f8f281d1000 rw-p 00000000 00:00 0 
7f8f281d1000-7f8f281da000 r-xp 00000000 08:01 175109                     /lib/x86_64-linux-gnu/libnss_compat-2.19.so
7f8f281da000-7f8f283d9000 ---p 00009000 08:01 175109                     /lib/x86_64-linux-gnu/libnss_compat-2.19.so
7f8f283d9000-7f8f283da000 r--p 00008000 08:01 175109                     /lib/x86_64-linux-gnu/libnss_compat-2.19.so
7f8f283da000-7f8f283db000 rw-p 00009000 08:01 175109                     /lib/x86_64-linux-gnu/libnss_compat-2.19.so
7f8f283db000-7f8f28405000 r-xp 00000000 08:01 416742                     /usr/lib/jvm/java-7-openjdk-amd64/jre/lib/amd64/libjava.so
7f8f28405000-7f8f28605000 ---p 0002a000 08:01 416742                     /usr/lib/jvm/java-7-openjdk-amd64/jre/lib/amd64/libjava.so
7f8f28605000-7f8f28606000 r--p 0002a000 08:01 416742                     /usr/lib/jvm/java-7-openjdk-amd64/jre/lib/amd64/libjava.so
7f8f28606000-7f8f28608000 rw-p 0002b000 08:01 416742                     /usr/lib/jvm/java-7-openjdk-amd64/jre/lib/amd64/libjava.so
7f8f28608000-7f8f28618000 r-xp 00000000 08:01 416736                     /usr/lib/jvm/java-7-openjdk-amd64/jre/lib/amd64/libverify.so
7f8f28618000-7f8f28817000 ---p 00010000 08:01 416736                     /usr/lib/jvm/java-7-openjdk-amd64/jre/lib/amd64/libverify.so
7f8f28817000-7f8f28819000 r--p 0000f000 08:01 416736                     /usr/lib/jvm/java-7-openjdk-amd64/jre/lib/amd64/libverify.so
7f8f28819000-7f8f2881a000 rw-p 00011000 08:01 416736                     /usr/lib/jvm/java-7-openjdk-amd64/jre/lib/amd64/libverify.so
7f8f2881a000-7f8f28821000 r-xp 00000000 08:01 175107                     /lib/x86_64-linux-gnu/librt-2.19.so
7f8f28821000-7f8f28a20000 ---p 00007000 08:01 175107                     /lib/x86_64-linux-gnu/librt-2.19.so
7f8f28a20000-7f8f28a21000 r--p 00006000 08:01 175107                     /lib/x86_64-linux-gnu/librt-2.19.so
7f8f28a21000-7f8f28a22000 rw-p 00007000 08:01 175107                     /lib/x86_64-linux-gnu/librt-2.19.so
7f8f28a22000-7f8f28a38000 r-xp 00000000 08:01 132829                     /lib/x86_64-linux-gnu/libgcc_s.so.1
7f8f28a38000-7f8f28c37000 ---p 00016000 08:01 132829                     /lib/x86_64-linux-gnu/libgcc_s.so.1
7f8f28c37000-7f8f28c38000 rw-p 00015000 08:01 132829                     /lib/x86_64-linux-gnu/libgcc_s.so.1
7f8f28c38000-7f8f28d3d000 r-xp 00000000 08:01 133244                     /lib/x86_64-linux-gnu/libm-2.19.so
7f8f28d3d000-7f8f28f3c000 ---p 00105000 08:01 133244                     /lib/x86_64-linux-gnu/libm-2.19.so
7f8f28f3c000-7f8f28f3d000 r--p 00104000 08:01 133244                     /lib/x86_64-linux-gnu/libm-2.19.so
7f8f28f3d000-7f8f28f3e000 rw-p 00105000 08:01 133244                     /lib/x86_64-linux-gnu/libm-2.19.so
7f8f28f3e000-7f8f29024000 r-xp 00000000 08:01 2228572                    /usr/lib/x86_64-linux-gnu/libstdc++.so.6.0.19
7f8f29024000-7f8f29223000 ---p 000e6000 08:01 2228572                    /usr/lib/x86_64-linux-gnu/libstdc++.so.6.0.19
7f8f29223000-7f8f2922b000 r--p 000e5000 08:01 2228572                    /usr/lib/x86_64-linux-gnu/libstdc++.so.6.0.19
7f8f2922b000-7f8f2922d000 rw-p 000ed000 08:01 2228572                    /usr/lib/x86_64-linux-gnu/libstdc++.so.6.0.19
7f8f2922d000-7f8f29242000 rw-p 00000000 00:00 0 
7f8f29242000-7f8f29d7f000 r-xp 00000000 08:01 416729                     /usr/lib/jvm/java-7-openjdk-amd64/jre/lib/amd64/server/libjvm.so
7f8f29d7f000-7f8f29f7f000 ---p 00b3d000 08:01 416729                     /usr/lib/jvm/java-7-openjdk-amd64/jre/lib/amd64/server/libjvm.so
7f8f29f7f000-7f8f2a01a000 r--p 00b3d000 08:01 416729                     /usr/lib/jvm/java-7-openjdk-amd64/jre/lib/amd64/server/libjvm.so
7f8f2a01a000-7f8f2a03d000 rw-p 00bd8000 08:01 416729                     /usr/lib/jvm/java-7-openjdk-amd64/jre/lib/amd64/server/libjvm.so
7f8f2a03d000-7f8f2a06d000 rw-p 00000000 00:00 0 
7f8f2a06d000-7f8f2a085000 r-xp 00000000 08:01 133043                     /lib/x86_64-linux-gnu/libz.so.1.2.8
7f8f2a085000-7f8f2a284000 ---p 00018000 08:01 133043                     /lib/x86_64-linux-gnu/libz.so.1.2.8
7f8f2a284000-7f8f2a285000 r--p 00017000 08:01 133043                     /lib/x86_64-linux-gnu/libz.so.1.2.8
7f8f2a285000-7f8f2a286000 rw-p 00018000 08:01 133043                     /lib/x86_64-linux-gnu/libz.so.1.2.8
7f8f2a286000-7f8f2a29f000 r-xp 00000000 08:01 132267                     /lib/x86_64-linux-gnu/libpthread-2.19.so
7f8f2a29f000-7f8f2a49e000 ---p 00019000 08:01 132267                     /lib/x86_64-linux-gnu/libpthread-2.19.so
7f8f2a49e000-7f8f2a49f000 r--p 00018000 08:01 132267                     /lib/x86_64-linux-gnu/libpthread-2.19.so
7f8f2a49f000-7f8f2a4a0000 rw-p 00019000 08:01 132267                     /lib/x86_64-linux-gnu/libpthread-2.19.so
7f8f2a4a0000-7f8f2a4a4000 rw-p 00000000 00:00 0 
7f8f2a4a4000-7f8f2a4a7000 r-xp 00000000 08:01 148657                     /lib/x86_64-linux-gnu/libdl-2.19.so
7f8f2a4a7000-7f8f2a6a6000 ---p 00003000 08:01 148657                     /lib/x86_64-linux-gnu/libdl-2.19.so
7f8f2a6a6000-7f8f2a6a7000 r--p 00002000 08:01 148657                     /lib/x86_64-linux-gnu/libdl-2.19.so
7f8f2a6a7000-7f8f2a6a8000 rw-p 00003000 08:01 148657                     /lib/x86_64-linux-gnu/libdl-2.19.so
7f8f2a6a8000-7f8f2a866000 r-xp 00000000 08:01 175105                     /lib/x86_64-linux-gnu/libc-2.19.so
7f8f2a866000-7f8f2aa66000 ---p 001be000 08:01 175105                     /lib/x86_64-linux-gnu/libc-2.19.so
7f8f2aa66000-7f8f2aa6a000 r--p 001be000 08:01 175105                     /lib/x86_64-linux-gnu/libc-2.19.so
7f8f2aa6a000-7f8f2aa6c000 rw-p 001c2000 08:01 175105                     /lib/x86_64-linux-gnu/libc-2.19.so
7f8f2aa6c000-7f8f2aa71000 rw-p 00000000 00:00 0 
7f8f2aa71000-7f8f2aa7e000 r-xp 00000000 08:01 416740                     /usr/lib/jvm/java-7-openjdk-amd64/jre/lib/amd64/jli/libjli.so
7f8f2aa7e000-7f8f2ac7d000 ---p 0000d000 08:01 416740                     /usr/lib/jvm/java-7-openjdk-amd64/jre/lib/amd64/jli/libjli.so
7f8f2ac7d000-7f8f2ac7e000 r--p 0000c000 08:01 416740                     /usr/lib/jvm/java-7-openjdk-amd64/jre/lib/amd64/jli/libjli.so
7f8f2ac7e000-7f8f2ac7f000 rw-p 0000d000 08:01 416740                     /usr/lib/jvm/java-7-openjdk-amd64/jre/lib/amd64/jli/libjli.so
7f8f2ac7f000-7f8f2aca2000 r-xp 00000000 08:01 175102                     /lib/x86_64-linux-gnu/ld-2.19.so
7f8f2aca2000-7f8f2aca4000 r--s 00014000 08:06 3020788                    /home/sriranga/Desktop/e-books/prism-ebooks/scripts/epubcheck-4.0.2/lib/common-io-3.1.2.jar
7f8f2aca4000-7f8f2aca8000 r--s 00085000 08:01 416760                     /usr/lib/jvm/java-7-openjdk-amd64/jre/lib/ext/localedata.jar
7f8f2aca8000-7f8f2acc9000 rw-p 00000000 00:00 0 
7f8f2acc9000-7f8f2ad7f000 rw-p 00000000 00:00 0 
7f8f2ad7f000-7f8f2ad82000 ---p 00000000 00:00 0 
7f8f2ad82000-7f8f2ae84000 rw-p 00000000 00:00 0                          [stack:9121]
7f8f2ae84000-7f8f2ae86000 r--s 0000d000 08:06 3020793                    /home/sriranga/Desktop/e-books/prism-ebooks/scripts/epubcheck-4.0.2/lib/imageio-jpeg-3.1.2.jar
7f8f2ae86000-7f8f2ae87000 r--s 00003000 08:06 3020798                    /home/sriranga/Desktop/e-books/prism-ebooks/scripts/epubcheck-4.0.2/lib/sac-1.3.jar
7f8f2ae87000-7f8f2ae88000 r--s 00002000 08:01 416763                     /usr/lib/jvm/java-7-openjdk-amd64/jre/lib/ext/dnsns.jar
7f8f2ae88000-7f8f2ae8a000 r--s 00012000 08:01 416764                     /usr/lib/jvm/java-7-openjdk-amd64/jre/lib/ext/zipfs.jar
7f8f2ae8a000-7f8f2ae8e000 r--s 0003e000 08:01 416762                     /usr/lib/jvm/java-7-openjdk-amd64/jre/lib/ext/sunpkcs11.jar
7f8f2ae8e000-7f8f2ae91000 r--s 0000f000 08:01 416759                     /usr/lib/jvm/java-7-openjdk-amd64/jre/lib/ext/icedtea-sound.jar
7f8f2ae91000-7f8f2ae96000 r--s 00042000 08:01 416761                     /usr/lib/jvm/java-7-openjdk-amd64/jre/lib/ext/sunjce_provider.jar
7f8f2ae96000-7f8f2ae9e000 rw-s 00000000 08:01 1364547                    /tmp/hsperfdata_sriranga/9120
7f8f2ae9e000-7f8f2ae9f000 rw-p 00000000 00:00 0 
7f8f2ae9f000-7f8f2aea0000 r--p 00000000 00:00 0 
7f8f2aea0000-7f8f2aea1000 rw-p 00000000 00:00 0 
7f8f2aea1000-7f8f2aea2000 r--p 00022000 08:01 175102                     /lib/x86_64-linux-gnu/ld-2.19.so
7f8f2aea2000-7f8f2aea3000 rw-p 00023000 08:01 175102                     /lib/x86_64-linux-gnu/ld-2.19.so
7f8f2aea3000-7f8f2aea4000 rw-p 00000000 00:00 0 
7fff0ddbd000-7fff0ddde000 rw-p 00000000 00:00 0                          [stack]
7fff0ddfb000-7fff0ddfd000 r-xp 00000000 00:00 0                          [vdso]
ffffffffff600000-ffffffffff601000 r-xp 00000000 00:00 0                  [vsyscall]

VM Arguments:
java_command: epubcheck-4.0.2/epubcheck.jar /home/sriranga/Desktop/e-books/prism-ebooks/scripts/../epub//9789386506894.epub
Launcher Type: SUN_STANDARD

Environment Variables:
PATH=/usr/local/sbin:/usr/local/bin:/usr/sbin:/usr/bin:/sbin:/bin:/usr/games:/usr/local/games
SHELL=/bin/bash
DISPLAY=:0

Signal Handlers:
SIGSEGV: [libjvm.so+0x96b0a0], sa_mask[0]=0x7ffbfeff, sa_flags=0x10000004
SIGBUS: [libjvm.so+0x96b0a0], sa_mask[0]=0x7ffbfeff, sa_flags=0x10000004
SIGFPE: [libjvm.so+0x7dcb20], sa_mask[0]=0x7ffbfeff, sa_flags=0x10000004
SIGPIPE: [libjvm.so+0x7dcb20], sa_mask[0]=0x7ffbfeff, sa_flags=0x10000004
SIGXFSZ: [libjvm.so+0x7dcb20], sa_mask[0]=0x7ffbfeff, sa_flags=0x10000004
SIGILL: [libjvm.so+0x7dcb20], sa_mask[0]=0x7ffbfeff, sa_flags=0x10000004
SIGUSR1: SIG_DFL, sa_mask[0]=0x00000000, sa_flags=0x00000000
SIGUSR2: [libjvm.so+0x7dcc50], sa_mask[0]=0x00000000, sa_flags=0x10000004
SIGHUP: [libjvm.so+0x7dcba0], sa_mask[0]=0x7ffbfeff, sa_flags=0x10000004
SIGINT: [libjvm.so+0x7dcba0], sa_mask[0]=0x7ffbfeff, sa_flags=0x10000004
SIGTERM: [libjvm.so+0x7dcba0], sa_mask[0]=0x7ffbfeff, sa_flags=0x10000004
SIGQUIT: [libjvm.so+0x7dcba0], sa_mask[0]=0x7ffbfeff, sa_flags=0x10000004
SIGTRAP: SIG_DFL, sa_mask[0]=0x00000000, sa_flags=0x00000000


---------------  S Y S T E M  ---------------

OS:Ubuntu 14.04 (trusty)
uname:Linux 3.13.0-170-generic #220-Ubuntu SMP Thu May 9 12:40:49 UTC 2019 x86_64
libc:glibc 2.19 NPTL 2.19 
rlimit: STACK 8192k, CORE 0k, NPROC 31349, NOFILE 4096, AS infinity
load average:0.74 0.80 0.66

/proc/meminfo:
MemTotal:        4037532 kB
MemFree:          524692 kB
Buffers:          196692 kB
Cached:          1422632 kB
SwapCached:         1440 kB
Active:          1951616 kB
Inactive:        1147604 kB
Active(anon):    1311572 kB
Inactive(anon):   470460 kB
Active(file):     640044 kB
Inactive(file):   677144 kB
Unevictable:          40 kB
Mlocked:              40 kB
SwapTotal:       3905532 kB
SwapFree:        3902720 kB
Dirty:               440 kB
Writeback:             0 kB
AnonPages:       1478680 kB
Mapped:           261280 kB
Shmem:            301992 kB
Slab:             293408 kB
SReclaimable:     261508 kB
SUnreclaim:        31900 kB
KernelStack:        4664 kB
PageTables:        52512 kB
NFS_Unstable:          0 kB
Bounce:                0 kB
WritebackTmp:          0 kB
CommitLimit:     5924296 kB
Committed_AS:    6994464 kB
VmallocTotal:   34359738367 kB
VmallocUsed:      541960 kB
VmallocChunk:   34359188252 kB
HardwareCorrupted:     0 kB
AnonHugePages:    491520 kB
HugePages_Total:       0
HugePages_Free:        0
HugePages_Rsvd:        0
HugePages_Surp:        0
Hugepagesize:       2048 kB
DirectMap4k:       57216 kB
DirectMap2M:     4126720 kB


CPU:total 2 (initial active 2) (2 cores per cpu, 1 threads per core) family 6 model 15 stepping 11, cmov, cx8, fxsr, mmx, sse, sse2, sse3, ssse3, tsc

/proc/cpuinfo:
processor	: 0
vendor_id	: GenuineIntel
cpu family	: 6
model		: 15
model name	: Intel(R) Core(TM)2 Duo CPU     E6850  @ 3.00GHz
stepping	: 11
microcode	: 0xba
cpu MHz		: 3000.000
cache size	: 4096 KB
physical id	: 0
siblings	: 2
core id		: 0
cpu cores	: 2
apicid		: 0
initial apicid	: 0
fpu		: yes
fpu_exception	: yes
cpuid level	: 10
wp		: yes
flags		: fpu vme de pse tsc msr pae mce cx8 apic sep mtrr pge mca cmov pat pse36 clflush dts acpi mmx fxsr sse sse2 ss ht tm pbe syscall nx lm constant_tsc arch_perfmon pebs bts rep_good nopl aperfmperf eagerfpu pni dtes64 monitor ds_cpl vmx smx est tm2 ssse3 cx16 xtpr pdcm lahf_lm tpr_shadow vnmi flexpriority dtherm
bogomips	: 6000.11
clflush size	: 64
cache_alignment	: 64
address sizes	: 36 bits physical, 48 bits virtual
power management:

processor	: 1
vendor_id	: GenuineIntel
cpu family	: 6
model		: 15
model name	: Intel(R) Core(TM)2 Duo CPU     E6850  @ 3.00GHz
stepping	: 11
microcode	: 0xba
cpu MHz		: 3000.000
cache size	: 4096 KB
physical id	: 0
siblings	: 2
core id		: 1
cpu cores	: 2
apicid		: 1
initial apicid	: 1
fpu		: yes
fpu_exception	: yes
cpuid level	: 10
wp		: yes
flags		: fpu vme de pse tsc msr pae mce cx8 apic sep mtrr pge mca cmov pat pse36 clflush dts acpi mmx fxsr sse sse2 ss ht tm pbe syscall nx lm constant_tsc arch_perfmon pebs bts rep_good nopl aperfmperf eagerfpu pni dtes64 monitor ds_cpl vmx smx est tm2 ssse3 cx16 xtpr pdcm lahf_lm tpr_shadow vnmi flexpriority dtherm
bogomips	: 6000.11
clflush size	: 64
cache_alignment	: 64
address sizes	: 36 bits physical, 48 bits virtual
power management:



Memory: 4k page, physical 4037532k(524692k free), swap 3905532k(3902720k free)

vm_info: OpenJDK 64-Bit Server VM (24.201-b00) for linux-amd64 JRE (1.7.0_201-b00), built on Mar 21 2019 01:17:21 by "buildd" with gcc 4.8.4

time: Mon Apr 27 12:32:15 2020
elapsed time: 5 seconds

